<?xml version="1.0" encoding="UTF-8"?>
<!-- Generated by org.testng.reporters.JUnitXMLReporter -->
<testsuite hostname="Gangs-MacBook-Air.local" name="Test1" tests="9" failures="0" timestamp="23 Nov 2014 01:02:10 GMT" time="0.05" errors="0">
  <testcase name="parameterTest" time="0.002" classname="testNg.ParameterizedTest1"/>
  <testcase name="testAdd" time="0.002" classname="testNg.ParamTestWithDataProvider1"/>
  <testcase name="testAdd" time="0.004" classname="testNg.ParamTestWithDataProvider1"/>
  <testcase name="testAdd" time="0.001" classname="testNg.ParamTestWithDataProvider1"/>
  <testcase name="testPrimeNumberChecker" time="0.001" classname="testNg.ParamTestWithDataProvider1"/>
  <testcase name="testPrimeNumberChecker" time="0.002" classname="testNg.ParamTestWithDataProvider1"/>
  <testcase name="testPrimeNumberChecker" time="0.001" classname="testNg.ParamTestWithDataProvider1"/>
  <testcase name="testPrimeNumberChecker" time="0.001" classname="testNg.ParamTestWithDataProvider1"/>
  <testcase name="testPrimeNumberChecker" time="0.001" classname="testNg.ParamTestWithDataProvider1"/>
</testsuite> <!-- Test1 -->
